0.000000 0.073706 5.879113 
0.181622 0.050454 5.565006 
0.750981 0.671700 4.009552 
0.879127 0.636058 3.867259 
0.336206 0.703599 4.729302 
0.145098 0.068366 5.603361 
0.692945 0.671067 4.438292 
0.735350 0.087889 4.668544 
0.054398 0.251694 5.492114 
0.076769 0.823620 4.228616 
0.683929 0.753435 3.902134 
0.097714 0.868015 4.134419 
0.755470 0.042009 4.625303 
0.638514 0.773987 4.098896 
0.692214 0.071324 5.026984 
0.660593 0.889117 3.719041 
0.086370 0.787150 4.349933 
0.080595 0.708026 4.886827 
0.649819 0.087364 5.301490 
0.136369 0.102587 5.545757 
0.715529 0.615236 4.637929 
0.744311 0.628745 4.349559 
0.334562 0.787096 4.168682 
0.632882 0.072002 5.448052 
0.657476 0.142272 5.118603 
0.633480 0.669453 4.874409 
0.262264 0.119475 5.347585 
0.228616 0.846513 3.894136 
0.110551 0.322504 5.438640 
0.278042 0.654148 5.006388 
0.065733 0.140260 5.619901 
0.738346 0.720387 3.730201 
0.641077 0.874692 3.828269 
0.731014 0.892091 3.201482 
0.861287 0.726345 3.193467 
0.675486 0.733510 4.102789 
0.269518 0.022698 5.550463 
0.636757 0.716803 4.497331 
0.654406 0.732829 4.260290 
0.070817 0.046448 5.819211 
0.088312 0.737083 4.655256 
0.900708 0.703822 3.428875 
0.645882 0.132658 5.221271 
0.160528 0.114162 5.464583 
0.774294 0.771489 3.152625 
0.075613 0.641734 5.382630 
0.649630 0.671871 4.749419 
0.870124 0.844365 2.627368 
0.152970 0.632458 5.263272 
0.107812 0.650871 5.246205 
0.673448 0.630695 4.862597 
0.851042 0.866311 2.618627 
0.705960 0.082386 4.898416 
0.893395 0.169530 4.013567 
0.813403 0.878472 2.708860 
0.766271 0.327953 4.270912 
0.209420 0.633319 5.160402 
0.693081 0.630679 4.715302 
0.672067 0.075221 5.169545 
0.725152 0.068891 4.784528 
0.925128 0.685092 3.671433 
0.909375 0.124696 4.165197 
0.860918 0.782993 2.827595 
0.642502 0.250897 5.075760 
0.091038 0.161588 5.517096 
0.766975 0.743578 3.374624 
0.768311 0.904727 2.990931 
0.762482 0.690404 3.795234 
0.806488 0.033555 4.368709 
0.015074 0.634342 5.538727 
0.171707 0.750387 4.373854 
0.647822 0.633529 5.027762 
0.656654 0.694240 4.532591 
0.756071 0.369199 4.432845 
0.163242 0.895962 4.033278 
0.800877 0.294968 4.036111 
0.061106 0.104649 5.713691 
0.886469 0.762475 2.974769 
0.829096 0.875588 2.659812 
0.372785 0.684586 4.963000 
0.123523 0.043068 5.702951 
0.860038 0.855993 2.614481 
0.265685 0.812276 3.967559 
0.649564 0.640841 4.968285 
0.714771 0.826369 3.321201 
0.101947 0.096644 5.641496 
0.717697 0.718158 3.897129 
0.691696 0.917162 3.583984 
0.860870 0.321998 3.950756 
0.290848 0.754818 4.283544 
0.708792 0.687985 4.191854 
0.748495 0.631639 4.302914 
0.264575 0.634986 5.127527 
0.174054 0.315731 5.284443 
0.742645 0.886823 3.106537 
0.725942 0.759877 3.544460 
0.279445 0.200589 5.193639 
0.045141 0.043621 5.875175 
0.088952 0.068405 5.735394 
0.037320 0.072965 5.830542 
