3.868592 
3.738292 
3.765006 
3.744066 
3.756142 
3.690423 
3.735391 
3.674648 
3.672356 
3.674502 
3.676425 
3.744218 
3.754378 
3.746264 
3.756693 
3.765172 
3.769045 
3.815953 
3.821292 
3.822995 
3.815877 
3.816002 
3.824073 
3.835217 
3.861288 
3.847514 
3.922677 
3.841131 
3.837213 
3.832500 
3.803619 
3.749758 
3.801124 
3.797471 
3.801401 
3.805916 
3.814326 
3.815851 
3.818472 
3.824984 
3.821836 
3.808013 
3.787536 
3.733331 
3.737366 
3.737830 
3.738106 
3.756102 
3.793279 
3.808823 
3.926444 
3.916581 
3.879578 
3.870127 
3.859651 
3.850607 
3.856564 
3.859078 
3.860351 
3.867248 
3.862354 
3.862625 
3.862893 
3.860329 
3.878911 
3.855188 
3.866643 
3.865362 
3.866052 
3.865169 
3.867611 
3.867238 
3.867346 
3.867167 
3.867266 
3.868155 
3.870113 
3.873187 
3.868947 
3.866501 
3.866798 
3.867460 
3.866575 
3.866958 
3.862540 
3.859009 
3.859181 
3.859034 
3.859155 
3.859459 
3.859519 
3.859897 
3.859192 
3.859654 
3.858994 
3.859187 
3.859609 
3.859098 
3.859229 
3.859598 
3.859605 
3.859616 
3.859621 
3.859640 
3.859086 
3.859137 
3.860490 
3.856714 
3.845924 
3.850002 
3.854928 
3.850258 
3.849943 
3.853677 
3.852416 
3.852841 
3.855354 
3.858386 
3.850437 
3.851836 
3.850036 
3.850177 
3.849972 
3.850331 
3.850347 
3.850352 
3.850354 
3.850354 
3.854686 
3.850014 
3.850218 
3.850414 
3.850491 
3.850500 
3.850742 
3.850121 
3.850220 
3.850286 
3.850297 
3.850297 
3.850306 
3.850307 
3.850313 
3.850315 
3.850315 
3.850315 
3.850315 
3.850319 
3.850319 
3.850319 
3.850319 
